[2024-07-03 18:34:58,235: INFO: main: Custom log created!]
[2024-07-03 19:58:06,358: INFO: common: yaml file: config\config.yaml loaded successfully]
[2024-07-03 19:58:06,363: INFO: common: yaml file: params.yaml loaded successfully]
[2024-07-03 19:58:06,365: INFO: common: Created directory at: artifacts]
[2024-07-03 19:58:06,365: INFO: common: Created directory at: artifacts/data_ingestion]
[2024-07-03 19:58:06,366: INFO: 787829753: Downloading data from https://drive.google.com/file/d/1tMVSoSJua1xGXkMoqjEFBrICjt32zSKS/view?usp=sharing into file artifacts/data_ingestion/data.zip]
[2024-07-03 19:58:41,588: INFO: 787829753: Downloaded data from https://drive.google.com/file/d/1tMVSoSJua1xGXkMoqjEFBrICjt32zSKS/view?usp=sharing into file artifacts/data_ingestion/data.zip]
[2024-07-03 20:20:05,879: INFO: main: >>>>>> stage Data Ingestion Stage started <<<<<<]
[2024-07-03 20:20:05,881: INFO: common: yaml file: config\config.yaml loaded successfully]
[2024-07-03 20:20:05,881: INFO: common: yaml file: params.yaml loaded successfully]
[2024-07-03 20:20:05,881: INFO: common: Created directory at: artifacts]
[2024-07-03 20:20:05,882: INFO: common: Created directory at: artifacts/data_ingestion]
[2024-07-03 20:20:05,882: INFO: data_ingestion: Downloading data from https://drive.google.com/file/d/1tMVSoSJua1xGXkMoqjEFBrICjt32zSKS/view?usp=sharing into file artifacts/data_ingestion/data.zip]
[2024-07-03 20:20:34,337: INFO: data_ingestion: Downloaded data from https://drive.google.com/file/d/1tMVSoSJua1xGXkMoqjEFBrICjt32zSKS/view?usp=sharing into file artifacts/data_ingestion/data.zip]
[2024-07-03 20:20:41,044: INFO: main: >>>>>> stage Data Ingestion Stage completed <<<<<<

x==========x]
[2024-07-03 21:00:04,420: INFO: common: yaml file: config\config.yaml loaded successfully]
[2024-07-03 21:00:04,427: INFO: common: yaml file: params.yaml loaded successfully]
[2024-07-03 21:00:04,428: INFO: common: Created directory at: artifacts]
[2024-07-03 21:00:04,429: INFO: common: Created directory at: artifacts/prepare_base_model]
[2024-07-03 21:00:10,159: WARNING: saving_utils: Compiled the loaded model, but the compiled metrics have yet to be built. `model.compile_metrics` will be empty until you train or evaluate the model.]
[2024-07-03 21:06:43,435: INFO: common: yaml file: config\config.yaml loaded successfully]
[2024-07-03 21:06:43,437: INFO: common: yaml file: params.yaml loaded successfully]
[2024-07-03 21:06:43,438: INFO: common: Created directory at: artifacts]
[2024-07-03 21:06:43,439: INFO: common: Created directory at: artifacts/prepare_base_model]
[2024-07-03 21:06:43,727: WARNING: saving_utils: Compiled the loaded model, but the compiled metrics have yet to be built. `model.compile_metrics` will be empty until you train or evaluate the model.]
[2024-07-03 21:19:42,814: INFO: main: >>>>>> stage Data Ingestion Stage started <<<<<<]
[2024-07-03 21:19:42,815: INFO: common: yaml file: config\config.yaml loaded successfully]
[2024-07-03 21:19:42,816: INFO: common: yaml file: params.yaml loaded successfully]
[2024-07-03 21:19:42,817: INFO: common: Created directory at: artifacts]
[2024-07-03 21:19:42,817: INFO: common: Created directory at: artifacts/data_ingestion]
[2024-07-03 21:19:42,817: INFO: data_ingestion: Downloading data from https://drive.google.com/file/d/1tMVSoSJua1xGXkMoqjEFBrICjt32zSKS/view?usp=sharing into file artifacts/data_ingestion/data.zip]
[2024-07-03 21:20:31,327: INFO: data_ingestion: Downloaded data from https://drive.google.com/file/d/1tMVSoSJua1xGXkMoqjEFBrICjt32zSKS/view?usp=sharing into file artifacts/data_ingestion/data.zip]
[2024-07-03 21:20:40,654: INFO: main: >>>>>> stage Data Ingestion Stage completed <<<<<<

x==========x]
[2024-07-03 21:20:40,654: INFO: main: *******************]
[2024-07-03 21:20:40,654: INFO: main: >>>>>> stage Prepare base model started <<<<<<]
[2024-07-03 21:20:40,656: INFO: common: yaml file: config\config.yaml loaded successfully]
[2024-07-03 21:20:40,657: INFO: common: yaml file: params.yaml loaded successfully]
[2024-07-03 21:20:40,657: INFO: common: Created directory at: artifacts]
[2024-07-03 21:20:40,658: INFO: common: Created directory at: artifacts/prepare_base_model]
[2024-07-03 21:20:41,049: WARNING: saving_utils: Compiled the loaded model, but the compiled metrics have yet to be built. `model.compile_metrics` will be empty until you train or evaluate the model.]
[2024-07-03 21:20:41,373: INFO: main: >>>>>> stage Prepare base model completed <<<<<<

x==========x]
